SF:lib\src\meta_weather_api_client.dart
DA:16,1
DA:17,1
DA:22,1
DA:23,1
DA:26,1
DA:29,3
DA:31,2
DA:32,1
DA:35,1
DA:36,1
DA:39,1
DA:40,1
DA:43,2
DA:46,1
DA:47,2
DA:48,3
DA:50,2
DA:51,1
DA:54,2
DA:56,1
DA:57,1
DA:60,1
DA:61,1
DA:62,0
DA:64,0
DA:65,0
DA:68,0
LF:27
LH:23
end_of_record
SF:lib\src\models\location.dart
DA:5,3
DA:22,1
DA:29,2
DA:30,2
DA:41,1
DA:51,6
DA:53,0
DA:55,0
DA:58,1
DA:60,1
DA:61,1
DA:62,2
DA:63,2
LF:13
LH:11
end_of_record
SF:lib\src\models\location.g.dart
DA:11,4
DA:14,2
DA:15,1
DA:16,4
DA:17,2
DA:18,4
DA:19,1
DA:20,2
DA:21,2
LF:9
LH:9
end_of_record
SF:lib\src\models\weather.dart
DA:5,3
DA:30,2
DA:33,3
DA:55,1
DA:73,1
DA:74,1
LF:6
LH:6
end_of_record
SF:lib\src\models\weather.g.dart
DA:11,2
DA:14,1
DA:15,1
DA:16,2
DA:18,2
DA:19,1
DA:21,2
DA:23,1
DA:25,2
DA:28,3
DA:29,1
DA:30,2
DA:31,3
DA:32,3
DA:33,3
DA:35,3
DA:37,3
DA:39,3
DA:40,2
DA:42,3
DA:43,2
LF:21
LH:21
end_of_record
